<?xml version="1.0" encoding="UTF-8"?>
<!-- Generated by org.testng.reporters.JUnitReportReporter -->
<testsuite hostname="LAPTOP-OM0Q6TEG" failures="0" tests="6" name="com.ecommerce.test.ParalellTest" time="17.513" errors="0" timestamp="2023-07-23T21:34:46 IST" skipped="0">
  <testcase classname="com.ecommerce.test.ParalellTest" name="facebookAccCreation" time="6.483"/>
  <testcase classname="com.ecommerce.test.ParalellTest" name="googleWebsiteTitle" time="3.823"/>
  <testcase classname="com.ecommerce.test.ParalellTest" name="googleAccCreation" time="4.598"/>
  <testcase classname="com.ecommerce.test.ParalellTest" name="f2" time="0.001"/>
  <testcase classname="com.ecommerce.test.ParalellTest" name="f1" time="0.005"/>
  <testcase classname="com.ecommerce.test.ParalellTest" name="googleAccCreation" time="2.603"/>
</testsuite> <!-- com.ecommerce.test.ParalellTest -->
